txn[1003], 15:50:36.060, delete from o_order_detail 
txn[1003], 15:50:36.062, Delete table[o_order_detail] rows[0] bind[null] 
txn[1003], 15:50:36.063, delete from o_order 
txn[1003], 15:50:36.064, Delete table[o_order] rows[0] bind[null] 
txn[1003], 15:50:36.064, delete from o_customer 
txn[1003], 15:50:36.064, Delete table[o_customer] rows[0] bind[null] 
txn[1003], 15:50:36.065, delete from o_address 
txn[1003], 15:50:36.065, Delete table[o_address] rows[0] bind[null] 
txn[1003], 15:50:36.067, delete from o_country 
txn[1003], 15:50:36.068, DeleteSql table[o_country] rows[0] bind[null] 
txn[1003], 15:50:36.068, delete from o_product 
txn[1003], 15:50:36.069, DeleteSql table[o_product] rows[0] bind[null] 
txn[1004], 15:50:36.074, insert into o_country (code, name) values (?,?) 
txn[1004], 15:50:36.075, Binding Insert [o_country]  set[code=NZ, name=New Zealand, ] 
txn[1004], 15:50:36.076, Inserted [Country] [NZ] 
txn[1004], 15:50:36.076, insert into o_country (code, name) values (?,?) 
txn[1004], 15:50:36.076, Binding Insert [o_country]  set[code=AU, name=Australia, ] 
txn[1004], 15:50:36.077, Inserted [Country] [AU] 
txn[1005], 15:50:36.077, insert into o_product (id, sku, name, cretime, updtime) values (?,?,?,?,?) 
txn[1005], 15:50:36.080, Binding Insert [o_product]  set[id=1, sku=C001, name=Chair, cretime=2015-02-25 15:50:36.078, updtime=2015-02-25 15:50:36.079, ] 
txn[1005], 15:50:36.080, Inserted [Product] [1] 
txn[1006], 15:50:36.080, insert into o_product (id, sku, name, cretime, updtime) values (?,?,?,?,?) 
txn[1006], 15:50:36.081, Binding Insert [o_product]  set[id=2, sku=DSK1, name=Desk, cretime=2015-02-25 15:50:36.08, updtime=2015-02-25 15:50:36.081, ] 
txn[1006], 15:50:36.081, Inserted [Product] [2] 
txn[1007], 15:50:36.081, insert into o_product (id, sku, name, cretime, updtime) values (?,?,?,?,?) 
txn[1007], 15:50:36.082, Binding Insert [o_product]  set[id=3, sku=C002, name=Computer, cretime=2015-02-25 15:50:36.081, updtime=2015-02-25 15:50:36.082, ] 
txn[1007], 15:50:36.082, Inserted [Product] [3] 
txn[1008], 15:50:36.082, insert into o_product (id, sku, name, cretime, updtime) values (?,?,?,?,?) 
txn[1008], 15:50:36.083, Binding Insert [o_product]  set[id=4, sku=C003, name=Printer, cretime=2015-02-25 15:50:36.082, updtime=2015-02-25 15:50:36.083, ] 
txn[1008], 15:50:36.083, Inserted [Product] [4] 
txn[1009], 15:50:36.083, insert into o_customer (status, name, cretime, updtime, billing_address_id, shipping_address_id) values (?,?,?,?,?,?) 
txn[1009], 15:50:36.084, Binding Insert [o_customer]  set[status=NEW, name=Cust NoAddress, cretime=2015-02-25 15:50:36.084, updtime=2015-02-25 15:50:36.084, billing_address_id=null, shipping_address_id=null, ] 
txn[1009], 15:50:36.086, Inserted [Customer] [1] 
txn[1010], 15:50:36.087, insert into o_address (line_1, line_2, city, cretime, updtime, country_code) values (?,?,?,?,?,?) 
txn[1010], 15:50:36.087, Binding Insert [o_address]  set[line1=P.O.Box 1234, line2=Sandringham, city=Auckland, cretime=2015-02-25 15:50:36.087, updtime=2015-02-25 15:50:36.087, country_code=NZ, ] 
txn[1010], 15:50:36.088, Inserted [Address] [1] 
txn[1010], 15:50:36.088, insert into o_address (line_1, line_2, city, cretime, updtime, country_code) values (?,?,?,?,?,?) 
txn[1010], 15:50:36.089, Binding Insert [o_address]  set[line1=1 Banana St, line2=Sandringham, city=Auckland, cretime=2015-02-25 15:50:36.088, updtime=2015-02-25 15:50:36.088, country_code=NZ, ] 
txn[1010], 15:50:36.089, Inserted [Address] [2] 
txn[1010], 15:50:36.089, insert into o_customer (status, name, cretime, updtime, billing_address_id, shipping_address_id) values (?,?,?,?,?,?) 
txn[1010], 15:50:36.089, Binding Insert [o_customer]  set[status=NEW, name=Rob, cretime=2015-02-25 15:50:36.089, updtime=2015-02-25 15:50:36.089, billing_address_id=1, shipping_address_id=2, ] 
txn[1010], 15:50:36.090, Inserted [Customer] [2] 
txn[1011], 15:50:36.090, insert into o_order (status, order_date, ship_date, cretime, updtime, kcustomer_id) values (?,?,?,?,?,?) 
txn[1011], 15:50:36.091, Binding Insert [o_order]  set[status=NEW, orderDate=2015-02-25, shipDate=null, cretime=2015-02-25 15:50:36.091, updtime=2015-02-25 15:50:36.091, kcustomer_id=1, ] 
txn[1011], 15:50:36.092, Inserted [Order] [1] 
txn[1011], 15:50:36.092, insert into o_order_detail (order_qty, ship_qty, cretime, updtime, order_id, product_id) values (?,?,?,?,?,?) 
txn[1011], 15:50:36.093, Binding Insert [o_order_detail]  set[orderQty=5, shipQty=null, cretime=null, updtime=2015-02-25 15:50:36.093, order_id=1, product_id=1, ] 
txn[1011], 15:50:36.093, Inserted [OrderDetail] [1] 
txn[1011], 15:50:36.093, insert into o_order_detail (order_qty, ship_qty, cretime, updtime, order_id, product_id) values (?,?,?,?,?,?) 
txn[1011], 15:50:36.093, Binding Insert [o_order_detail]  set[orderQty=3, shipQty=null, cretime=null, updtime=2015-02-25 15:50:36.093, order_id=1, product_id=2, ] 
txn[1011], 15:50:36.094, Inserted [OrderDetail] [2] 
txn[1011], 15:50:36.094, insert into o_order_detail (order_qty, ship_qty, cretime, updtime, order_id, product_id) values (?,?,?,?,?,?) 
txn[1011], 15:50:36.094, Binding Insert [o_order_detail]  set[orderQty=1, shipQty=null, cretime=null, updtime=2015-02-25 15:50:36.094, order_id=1, product_id=3, ] 
txn[1011], 15:50:36.094, Inserted [OrderDetail] [3] 
txn[1012], 15:50:36.095, insert into o_order (status, order_date, ship_date, cretime, updtime, kcustomer_id) values (?,?,?,?,?,?) 
txn[1012], 15:50:36.095, Binding Insert [o_order]  set[status=NEW, orderDate=2015-02-25, shipDate=null, cretime=2015-02-25 15:50:36.095, updtime=2015-02-25 15:50:36.095, kcustomer_id=2, ] 
txn[1012], 15:50:36.096, Inserted [Order] [2] 
txn[1012], 15:50:36.096, insert into o_order_detail (order_qty, ship_qty, cretime, updtime, order_id, product_id) values (?,?,?,?,?,?) 
txn[1012], 15:50:36.096, Binding Insert [o_order_detail]  set[orderQty=4, shipQty=null, cretime=null, updtime=2015-02-25 15:50:36.096, order_id=2, product_id=1, ] 
txn[1012], 15:50:36.096, Inserted [OrderDetail] [4] 
txn[1013], 15:50:36.097, insert into o_order (status, order_date, ship_date, cretime, updtime, kcustomer_id) values (?,?,?,?,?,?) 
txn[1013], 15:50:36.097, Binding Insert [o_order]  set[status=NEW, orderDate=2015-02-25, shipDate=null, cretime=2015-02-25 15:50:36.097, updtime=2015-02-25 15:50:36.097, kcustomer_id=1, ] 
txn[1013], 15:50:36.097, Inserted [Order] [3] 
txn[1013], 15:50:36.097, insert into o_order_detail (order_qty, ship_qty, cretime, updtime, order_id, product_id) values (?,?,?,?,?,?) 
txn[1013], 15:50:36.097, Binding Insert [o_order_detail]  set[orderQty=3, shipQty=null, cretime=null, updtime=2015-02-25 15:50:36.097, order_id=3, product_id=1, ] 
txn[1013], 15:50:36.098, Inserted [OrderDetail] [5] 
txn[1013], 15:50:36.098, insert into o_order_detail (order_qty, ship_qty, cretime, updtime, order_id, product_id) values (?,?,?,?,?,?) 
txn[1013], 15:50:36.098, Binding Insert [o_order_detail]  set[orderQty=40, shipQty=null, cretime=null, updtime=2015-02-25 15:50:36.098, order_id=3, product_id=3, ] 
txn[1013], 15:50:36.098, Inserted [OrderDetail] [6] 
txn[1014], 15:50:36.125, select o.id c0, o.status c1, o.order_date c2, o.ship_date c3, o.cretime c4, o.updtime c5         , oc.id c6, oc.status c7, oc.name c8, oc.cretime c9, oc.updtime c10, oc.billing_address_id c11, oc.shipping_address_id c12  from o_order o join o_customer oc on oc.id = o.kcustomer_id   where o.id > ?  and o.status = ?  and lower(oc.name) like ?  
txn[1014], 15:50:36.131, FindMany type[Order] origin[Drk4Z4.DrivkK.Cknr4Z] exeMicros[5975] rows[1] name[] predicates[o.id > ?  and o.status = ?  and lower(oc.name) like ? ] bind[0, NEW, ro%] 
